============================= test session starts =============================
platform win32 -- Python 3.13.12, pytest-8.4.0, pluggy-1.6.0
rootdir: S:\code\bw
configfile: pyproject.toml
plugins: anyio-4.9.0, Faker-37.4.0, hydra-core-1.3.2, asyncio-1.3.0, cov-7.0.0, mock-3.15.1, timeout-2.4.0, typeguard-4.4.4
asyncio: mode=Mode.STRICT, debug=False, asyncio_default_fixture_loop_scope=None, asyncio_default_test_loop_scope=function
collected 113 items

tests\test_constants.py ....................................             [ 31%]
tests\test_dependency_checker.py ..                                      [ 33%]
tests\test_export.py ...........                                         [ 43%]
tests\test_job.py ................                                       [ 57%]
tests\test_providers.py .....................                            [ 76%]
tests\test_settings.py ...........................                       [100%]

============================= 113 passed in 0.60s =============================
